# JRE version: Java(TM) SE Runtime Environment (8.0_331-b09) (build 1.8.0_331-b09)
# Java VM: Java HotSpot(TM) 64-Bit Server VM (25.331-b09 mixed mode bsd-amd64 compressed oops)
Heap:
 PSYoungGen      total 138240K, used 46163K [0x0000000795580000, 0x00000007a7780000, 0x00000007c0000000)
  eden space 133120K, 34% used [0x0000000795580000,0x0000000798294ee0,0x000000079d780000)
  from space 5120K, 0% used [0x000000079d780000,0x000000079d780000,0x000000079dc80000)
  to   space 15360K, 0% used [0x00000007a6880000,0x00000007a6880000,0x00000007a7780000)
 ParOldGen       total 75776K, used 23496K [0x0000000740000000, 0x0000000744a00000, 0x0000000795580000)
  object space 75776K, 31% used [0x0000000740000000,0x00000007416f22d0,0x0000000744a00000)
 Metaspace       used 33497K, capacity 34526K, committed 34560K, reserved 1079296K
  class space    used 4062K, capacity 4345K, committed 4352K, reserved 1048576K
GC Heap History (10 events):
Event: 3.018 GC heap before
{Heap before GC invocations=6 (full 1):
 PSYoungGen      total 138240K, used 5097K [0x0000000795580000, 0x000000079e180000, 0x00000007c0000000)
  eden space 133120K, 0% used [0x0000000795580000,0x0000000795580000,0x000000079d780000)
  from space 5120K, 99% used [0x000000079d780000,0x000000079dc7a450,0x000000079dc80000)
  to   space 5120K, 0% used [0x000000079dc80000,0x000000079dc80000,0x000000079e180000)
 ParOldGen       total 87552K, used 11056K [0x0000000740000000, 0x0000000745580000, 0x0000000795580000)
  object space 87552K, 12% used [0x0000000740000000,0x0000000740acc248,0x0000000745580000)
 Metaspace       used 19582K, capacity 20026K, committed 20224K, reserved 1067008K
  class space    used 2375K, capacity 2465K, committed 2560K, reserved 1048576K
Event: 3.056 GC heap after
Heap after GC invocations=6 (full 1):
 PSYoungGen      total 138240K, used 0K [0x0000000795580000, 0x000000079e180000, 0x00000007c0000000)
  eden space 133120K, 0% used [0x0000000795580000,0x0000000795580000,0x000000079d780000)
  from space 5120K, 0% used [0x000000079d780000,0x000000079d780000,0x000000079dc80000)
  to   space 5120K, 0% used [0x000000079dc80000,0x000000079dc80000,0x000000079e180000)
 ParOldGen       total 87552K, used 11038K [0x0000000740000000, 0x0000000745580000, 0x0000000795580000)
  object space 87552K, 12% used [0x0000000740000000,0x0000000740ac79c8,0x0000000745580000)
 Metaspace       used 19582K, capacity 20026K, committed 20224K, reserved 1067008K
  class space    used 2375K, capacity 2465K, committed 2560K, reserved 1048576K
}
Event: 3.058 GC heap before
{Heap before GC invocations=7 (full 1):
 PSYoungGen      total 138240K, used 0K [0x0000000795580000, 0x000000079e180000, 0x00000007c0000000)
  eden space 133120K, 0% used [0x0000000795580000,0x0000000795580000,0x000000079d780000)
  from space 5120K, 0% used [0x000000079d780000,0x000000079d780000,0x000000079dc80000)
  to   space 5120K, 0% used [0x000000079dc80000,0x000000079dc80000,0x000000079e180000)
 ParOldGen       total 87552K, used 11038K [0x0000000740000000, 0x0000000745580000, 0x0000000795580000)
  object space 87552K, 12% used [0x0000000740000000,0x0000000740ac79c8,0x0000000745580000)
 Metaspace       used 19582K, capacity 20026K, committed 20224K, reserved 1067008K
  class space    used 2375K, capacity 2465K, committed 2560K, reserved 1048576K
Event: 3.059 GC heap after
Heap after GC invocations=7 (full 1):
 PSYoungGen      total 138240K, used 0K [0x0000000795580000, 0x000000079e180000, 0x00000007c0000000)
  eden space 133120K, 0% used [0x0000000795580000,0x0000000795580000,0x000000079d780000)
  from space 5120K, 0% used [0x000000079dc80000,0x000000079dc80000,0x000000079e180000)
  to   space 5120K, 0% used [0x000000079d780000,0x000000079d780000,0x000000079dc80000)
 ParOldGen       total 87552K, used 11038K [0x0000000740000000, 0x0000000745580000, 0x0000000795580000)
  object space 87552K, 12% used [0x0000000740000000,0x0000000740ac79c8,0x0000000745580000)
 Metaspace       used 19582K, capacity 20026K, committed 20224K, reserved 1067008K
  class space    used 2375K, capacity 2465K, committed 2560K, reserved 1048576K
}
Event: 3.059 GC heap before
{Heap before GC invocations=8 (full 2):
 PSYoungGen      total 138240K, used 0K [0x0000000795580000, 0x000000079e180000, 0x00000007c0000000)
  eden space 133120K, 0% used [0x0000000795580000,0x0000000795580000,0x000000079d780000)
  from space 5120K, 0% used [0x000000079dc80000,0x000000079dc80000,0x000000079e180000)
  to   space 5120K, 0% used [0x000000079d780000,0x000000079d780000,0x000000079dc80000)
 ParOldGen       total 87552K, used 11038K [0x0000000740000000, 0x0000000745580000, 0x0000000795580000)
  object space 87552K, 12% used [0x0000000740000000,0x0000000740ac79c8,0x0000000745580000)
 Metaspace       used 19582K, capacity 20026K, committed 20224K, reserved 1067008K
  class space    used 2375K, capacity 2465K, committed 2560K, reserved 1048576K
Event: 3.076 GC heap after
Heap after GC invocations=8 (full 2):
 PSYoungGen      total 138240K, used 0K [0x0000000795580000, 0x000000079e180000, 0x00000007c0000000)
  eden space 133120K, 0% used [0x0000000795580000,0x0000000795580000,0x000000079d780000)
  from space 5120K, 0% used [0x000000079dc80000,0x000000079dc80000,0x000000079e180000)
  to   space 5120K, 0% used [0x000000079d780000,0x000000079d780000,0x000000079dc80000)
 ParOldGen       total 87552K, used 11038K [0x0000000740000000, 0x0000000745580000, 0x0000000795580000)
  object space 87552K, 12% used [0x0000000740000000,0x0000000740ac79c8,0x0000000745580000)
 Metaspace       used 19582K, capacity 20026K, committed 20224K, reserved 1067008K
  class space    used 2375K, capacity 2465K, committed 2560K, reserved 1048576K
}
Event: 8.569 GC heap before
{Heap before GC invocations=9 (full 2):
 PSYoungGen      total 138240K, used 123901K [0x0000000795580000, 0x000000079e180000, 0x00000007c0000000)
  eden space 133120K, 93% used [0x0000000795580000,0x000000079ce7f588,0x000000079d780000)
  from space 5120K, 0% used [0x000000079dc80000,0x000000079dc80000,0x000000079e180000)
  to   space 5120K, 0% used [0x000000079d780000,0x000000079d780000,0x000000079dc80000)
 ParOldGen       total 87552K, used 11038K [0x0000000740000000, 0x0000000745580000, 0x0000000795580000)
  object space 87552K, 12% used [0x0000000740000000,0x0000000740ac79c8,0x0000000745580000)
 Metaspace       used 32638K, capacity 33566K, committed 33664K, reserved 1079296K
  class space    used 3948K, capacity 4187K, committed 4224K, reserved 1048576K
Event: 8.588 GC heap after
Heap after GC invocations=9 (full 2):
 PSYoungGen      total 138240K, used 5092K [0x0000000795580000, 0x00000007a7780000, 0x00000007c0000000)
  eden space 133120K, 0% used [0x0000000795580000,0x0000000795580000,0x000000079d780000)
  from space 5120K, 99% used [0x000000079d780000,0x000000079dc79050,0x000000079dc80000)
  to   space 15360K, 0% used [0x00000007a6880000,0x00000007a6880000,0x00000007a7780000)
 ParOldGen       total 87552K, used 20165K [0x0000000740000000, 0x0000000745580000, 0x0000000795580000)
  object space 87552K, 23% used [0x0000000740000000,0x00000007413b1568,0x0000000745580000)
 Metaspace       used 32638K, capacity 33566K, committed 33664K, reserved 1079296K
  class space    used 3948K, capacity 4187K, committed 4224K, reserved 1048576K
}
Event: 8.589 GC heap before
{Heap before GC invocations=10 (full 3):
 PSYoungGen      total 138240K, used 5092K [0x0000000795580000, 0x00000007a7780000, 0x00000007c0000000)
  eden space 133120K, 0% used [0x0000000795580000,0x0000000795580000,0x000000079d780000)
  from space 5120K, 99% used [0x000000079d780000,0x000000079dc79050,0x000000079dc80000)
  to   space 15360K, 0% used [0x00000007a6880000,0x00000007a6880000,0x00000007a7780000)
 ParOldGen       total 87552K, used 20165K [0x0000000740000000, 0x0000000745580000, 0x0000000795580000)
  object space 87552K, 23% used [0x0000000740000000,0x00000007413b1568,0x0000000745580000)
 Metaspace       used 32638K, capacity 33566K, committed 33664K, reserved 1079296K
  class space    used 3948K, capacity 4187K, committed 4224K, reserved 1048576K
Event: 8.668 GC heap after
Heap after GC invocations=10 (full 3):
 PSYoungGen      total 138240K, used 0K [0x0000000795580000, 0x00000007a7780000, 0x00000007c0000000)
  eden space 133120K, 0% used [0x0000000795580000,0x0000000795580000,0x000000079d780000)
  from space 5120K, 0% used [0x000000079d780000,0x000000079d780000,0x000000079dc80000)
  to   space 15360K, 0% used [0x00000007a6880000,0x00000007a6880000,0x00000007a7780000)
 ParOldGen       total 75776K, used 23496K [0x0000000740000000, 0x0000000744a00000, 0x0000000795580000)
  object space 75776K, 31% used [0x0000000740000000,0x00000007416f22d0,0x0000000744a00000)
 Metaspace       used 32627K, capacity 33546K, committed 33664K, reserved 1079296K
  class space    used 3943K, capacity 4179K, committed 4224K, reserved 1048576K
}

